<?xml version="1.0" encoding="UTF-8"?>
<!-- Generated by org.testng.reporters.JUnitXMLReporter -->
<testsuite ignored="4" hostname="DESKTOP-TCLPQKU" failures="0" tests="2" name="Test" time="50.834" errors="0" timestamp="2024-07-16T20:20:49 IST">
  <testcase classname="com.comcast.crm.contacttest.CreateContactTest" name="createContactTest" time="9.348"/>
  <testcase classname="com.comcast.crm.orgtest.CreateOraganizationTest" name="createOrgTest" time="12.768"/>
  <testcase classname="com.comcast.crm.orgtest.CreateOraganizationTest" name="createOrgTestWithPhoneNo" time="0.0">
    <ignored/>
  </testcase> <!-- createOrgTestWithPhoneNo -->
  <testcase classname="com.comcast.crm.contacttest.CreateContactTest" name="createContactWithOrgTest" time="0.0">
    <ignored/>
  </testcase> <!-- createContactWithOrgTest -->
  <testcase classname="com.comcast.crm.contacttest.CreateContactTest" name="createContactWithSupportDateTest" time="0.0">
    <ignored/>
  </testcase> <!-- createContactWithSupportDateTest -->
  <testcase classname="com.comcast.crm.orgtest.CreateOraganizationTest" name="createOrgWithIndustryTest" time="0.0">
    <ignored/>
  </testcase> <!-- createOrgWithIndustryTest -->
</testsuite> <!-- Test -->
