<?xml version="1.0" encoding="UTF-8"?>
<testng-results ignored="0" total="2" passed="2" failed="0" skipped="0">
  <reporter-output>
  </reporter-output>
  <suite started-at="2024-07-16T20:19:59 IST" name="Suite" finished-at="2024-07-16T20:20:49 IST" duration-ms="50834">
    <groups>
      <group name="smokeTest">
        <method signature="CreateContactTest.createContactTest()[pri:0, instance:com.comcast.crm.contacttest.CreateContactTest@2b30a42c]" name="createContactTest" class="com.comcast.crm.contacttest.CreateContactTest"/>
        <method signature="CreateOraganizationTest.createOrgTest()[pri:0, instance:com.comcast.crm.orgtest.CreateOraganizationTest@19932c16]" name="createOrgTest" class="com.comcast.crm.orgtest.CreateOraganizationTest"/>
      </group> <!-- smokeTest -->
    </groups>
    <test started-at="2024-07-16T20:19:59 IST" name="Test" finished-at="2024-07-16T20:20:49 IST" duration-ms="50834">
      <class name="com.comcast.crm.contacttest.CreateContactTest">
        <test-method is-config="true" signature="BC()[pri:0, instance:com.comcast.crm.contacttest.CreateContactTest@2b30a42c]" started-at="2024-07-16T20:19:59 IST" name="BC" finished-at="2024-07-16T20:20:04 IST" duration-ms="5123" status="PASS">
          <reporter-output>
          </reporter-output>
        </test-method> <!-- BC -->
        <test-method is-config="true" signature="BM()[pri:0, instance:com.comcast.crm.contacttest.CreateContactTest@2b30a42c]" started-at="2024-07-16T20:20:04 IST" name="BM" finished-at="2024-07-16T20:20:08 IST" duration-ms="4693" status="PASS">
          <reporter-output>
          </reporter-output>
        </test-method> <!-- BM -->
        <test-method signature="createContactTest()[pri:0, instance:com.comcast.crm.contacttest.CreateContactTest@2b30a42c]" started-at="2024-07-16T20:20:08 IST" name="createContactTest" finished-at="2024-07-16T20:20:18 IST" duration-ms="9348" status="PASS">
          <reporter-output>
          </reporter-output>
        </test-method> <!-- createContactTest -->
        <test-method is-config="true" signature="AM()[pri:0, instance:com.comcast.crm.contacttest.CreateContactTest@2b30a42c]" started-at="2024-07-16T20:20:18 IST" name="AM" finished-at="2024-07-16T20:20:22 IST" duration-ms="4684" status="PASS">
          <reporter-output>
          </reporter-output>
        </test-method> <!-- AM -->
        <test-method is-config="true" signature="AC()[pri:0, instance:com.comcast.crm.contacttest.CreateContactTest@2b30a42c]" started-at="2024-07-16T20:20:22 IST" name="AC" finished-at="2024-07-16T20:20:23 IST" duration-ms="362" status="PASS">
          <reporter-output>
          </reporter-output>
        </test-method> <!-- AC -->
      </class> <!-- com.comcast.crm.contacttest.CreateContactTest -->
      <class name="com.comcast.crm.orgtest.CreateOraganizationTest">
        <test-method is-config="true" signature="BC()[pri:0, instance:com.comcast.crm.orgtest.CreateOraganizationTest@19932c16]" started-at="2024-07-16T20:20:23 IST" name="BC" finished-at="2024-07-16T20:20:25 IST" duration-ms="2259" status="PASS">
          <reporter-output>
          </reporter-output>
        </test-method> <!-- BC -->
        <test-method is-config="true" signature="BM()[pri:0, instance:com.comcast.crm.orgtest.CreateOraganizationTest@19932c16]" started-at="2024-07-16T20:20:25 IST" name="BM" finished-at="2024-07-16T20:20:31 IST" duration-ms="6309" status="PASS">
          <reporter-output>
          </reporter-output>
        </test-method> <!-- BM -->
        <test-method signature="createOrgTest()[pri:0, instance:com.comcast.crm.orgtest.CreateOraganizationTest@19932c16]" started-at="2024-07-16T20:20:31 IST" name="createOrgTest" finished-at="2024-07-16T20:20:44 IST" duration-ms="12768" status="PASS">
          <reporter-output>
          </reporter-output>
        </test-method> <!-- createOrgTest -->
        <test-method is-config="true" signature="AM()[pri:0, instance:com.comcast.crm.orgtest.CreateOraganizationTest@19932c16]" started-at="2024-07-16T20:20:44 IST" name="AM" finished-at="2024-07-16T20:20:49 IST" duration-ms="4665" status="PASS">
          <reporter-output>
          </reporter-output>
        </test-method> <!-- AM -->
        <test-method is-config="true" signature="AC()[pri:0, instance:com.comcast.crm.orgtest.CreateOraganizationTest@19932c16]" started-at="2024-07-16T20:20:49 IST" name="AC" finished-at="2024-07-16T20:20:49 IST" duration-ms="526" status="PASS">
          <reporter-output>
          </reporter-output>
        </test-method> <!-- AC -->
      </class> <!-- com.comcast.crm.orgtest.CreateOraganizationTest -->
    </test> <!-- Test -->
  </suite> <!-- Suite -->
</testng-results>
